# JRE version: OpenJDK Runtime Environment Temurin-17.0.7+7 (17.0.7+7) (build 17.0.7+7)
# Java VM: OpenJDK 64-Bit Server VM Temurin-17.0.7+7 (17.0.7+7, mixed mode, sharing, tiered, compressed oops, compressed class ptrs, g1 gc, windows-amd64)
GC Precious Log:
 CPUs: 8 total, 8 available
 Memory: 32637M
 Large Page Support: Disabled
 NUMA Support: Disabled
 Compressed Oops: Enabled (Zero based)
 Heap Region Size: 2M
 Heap Min Capacity: 512M
 Heap Initial Capacity: 512M
 Heap Max Capacity: 4072M
 Pre-touch: Disabled
 Parallel Workers: 8
 Concurrent Workers: 2
 Concurrent Refinement Workers: 8
 Periodic GC: Disabled
 String Deduplication is enabled
Heap:
 garbage-first heap   total 524288K, used 110864K [0x0000000701800000, 0x0000000800000000)
  region size 2048K, 5 young (10240K), 2 survivors (4096K)
 Metaspace       used 95252K, committed 96320K, reserved 1179648K
  class space    used 13108K, committed 13568K, reserved 1048576K
GC Heap History (20 events):
Event: 9558.297 GC heap before
{Heap before GC invocations=1286 (full 995):
 garbage-first heap   total 524288K, used 182223K [0x0000000701800000, 0x0000000800000000)
  region size 2048K, 40 young (81920K), 2 survivors (4096K)
 Metaspace       used 95215K, committed 96320K, reserved 1179648K
  class space    used 13108K, committed 13568K, reserved 1048576K
}
Event: 9558.300 GC heap after
{Heap after GC invocations=1287 (full 995):
 garbage-first heap   total 524288K, used 105069K [0x0000000701800000, 0x0000000800000000)
  region size 2048K, 2 young (4096K), 2 survivors (4096K)
 Metaspace       used 95215K, committed 96320K, reserved 1179648K
  class space    used 13108K, committed 13568K, reserved 1048576K
}
Event: 9559.381 GC heap before
{Heap before GC invocations=1287 (full 995):
 garbage-first heap   total 524288K, used 182893K [0x0000000701800000, 0x0000000800000000)
  region size 2048K, 40 young (81920K), 2 survivors (4096K)
 Metaspace       used 95216K, committed 96320K, reserved 1179648K
  class space    used 13108K, committed 13568K, reserved 1048576K
}
Event: 9559.384 GC heap after
{Heap after GC invocations=1288 (full 995):
 garbage-first heap   total 524288K, used 105584K [0x0000000701800000, 0x0000000800000000)
  region size 2048K, 2 young (4096K), 2 survivors (4096K)
 Metaspace       used 95216K, committed 96320K, reserved 1179648K
  class space    used 13108K, committed 13568K, reserved 1048576K
}
Event: 9561.109 GC heap before
{Heap before GC invocations=1288 (full 995):
 garbage-first heap   total 524288K, used 183408K [0x0000000701800000, 0x0000000800000000)
  region size 2048K, 40 young (81920K), 2 survivors (4096K)
 Metaspace       used 95218K, committed 96320K, reserved 1179648K
  class space    used 13108K, committed 13568K, reserved 1048576K
}
Event: 9561.112 GC heap after
{Heap after GC invocations=1289 (full 995):
 garbage-first heap   total 524288K, used 106089K [0x0000000701800000, 0x0000000800000000)
  region size 2048K, 2 young (4096K), 2 survivors (4096K)
 Metaspace       used 95218K, committed 96320K, reserved 1179648K
  class space    used 13108K, committed 13568K, reserved 1048576K
}
Event: 9574.186 GC heap before
{Heap before GC invocations=1289 (full 995):
 garbage-first heap   total 524288K, used 183913K [0x0000000701800000, 0x0000000800000000)
  region size 2048K, 40 young (81920K), 2 survivors (4096K)
 Metaspace       used 95224K, committed 96320K, reserved 1179648K
  class space    used 13108K, committed 13568K, reserved 1048576K
}
Event: 9574.189 GC heap after
{Heap after GC invocations=1290 (full 995):
 garbage-first heap   total 524288K, used 105875K [0x0000000701800000, 0x0000000800000000)
  region size 2048K, 2 young (4096K), 2 survivors (4096K)
 Metaspace       used 95224K, committed 96320K, reserved 1179648K
  class space    used 13108K, committed 13568K, reserved 1048576K
}
Event: 9587.919 GC heap before
{Heap before GC invocations=1290 (full 995):
 garbage-first heap   total 524288K, used 183699K [0x0000000701800000, 0x0000000800000000)
  region size 2048K, 40 young (81920K), 2 survivors (4096K)
 Metaspace       used 95226K, committed 96320K, reserved 1179648K
  class space    used 13108K, committed 13568K, reserved 1048576K
}
Event: 9587.923 GC heap after
{Heap after GC invocations=1291 (full 995):
 garbage-first heap   total 524288K, used 106382K [0x0000000701800000, 0x0000000800000000)
  region size 2048K, 3 young (6144K), 3 survivors (6144K)
 Metaspace       used 95226K, committed 96320K, reserved 1179648K
  class space    used 13108K, committed 13568K, reserved 1048576K
}
Event: 9607.028 GC heap before
{Heap before GC invocations=1291 (full 995):
 garbage-first heap   total 524288K, used 182158K [0x0000000701800000, 0x0000000800000000)
  region size 2048K, 40 young (81920K), 3 survivors (6144K)
 Metaspace       used 95231K, committed 96320K, reserved 1179648K
  class space    used 13108K, committed 13568K, reserved 1048576K
}
Event: 9607.042 GC heap after
{Heap after GC invocations=1292 (full 995):
 garbage-first heap   total 524288K, used 106488K [0x0000000701800000, 0x0000000800000000)
  region size 2048K, 3 young (6144K), 3 survivors (6144K)
 Metaspace       used 95231K, committed 96320K, reserved 1179648K
  class space    used 13108K, committed 13568K, reserved 1048576K
}
Event: 9644.511 GC heap before
{Heap before GC invocations=1292 (full 995):
 garbage-first heap   total 524288K, used 182264K [0x0000000701800000, 0x0000000800000000)
  region size 2048K, 40 young (81920K), 3 survivors (6144K)
 Metaspace       used 95244K, committed 96320K, reserved 1179648K
  class space    used 13108K, committed 13568K, reserved 1048576K
}
Event: 9644.518 GC heap after
{Heap after GC invocations=1293 (full 995):
 garbage-first heap   total 524288K, used 106304K [0x0000000701800000, 0x0000000800000000)
  region size 2048K, 3 young (6144K), 3 survivors (6144K)
 Metaspace       used 95244K, committed 96320K, reserved 1179648K
  class space    used 13108K, committed 13568K, reserved 1048576K
}
Event: 9671.003 GC heap before
{Heap before GC invocations=1293 (full 995):
 garbage-first heap   total 524288K, used 182080K [0x0000000701800000, 0x0000000800000000)
  region size 2048K, 40 young (81920K), 3 survivors (6144K)
 Metaspace       used 95244K, committed 96320K, reserved 1179648K
  class space    used 13108K, committed 13568K, reserved 1048576K
}
Event: 9671.006 GC heap after
{Heap after GC invocations=1294 (full 995):
 garbage-first heap   total 524288K, used 106403K [0x0000000701800000, 0x0000000800000000)
  region size 2048K, 3 young (6144K), 3 survivors (6144K)
 Metaspace       used 95244K, committed 96320K, reserved 1179648K
  class space    used 13108K, committed 13568K, reserved 1048576K
}
Event: 9683.651 GC heap before
{Heap before GC invocations=1294 (full 995):
 garbage-first heap   total 524288K, used 182179K [0x0000000701800000, 0x0000000800000000)
  region size 2048K, 40 young (81920K), 3 survivors (6144K)
 Metaspace       used 95244K, committed 96320K, reserved 1179648K
  class space    used 13108K, committed 13568K, reserved 1048576K
}
Event: 9683.654 GC heap after
{Heap after GC invocations=1295 (full 995):
 garbage-first heap   total 524288K, used 106382K [0x0000000701800000, 0x0000000800000000)
  region size 2048K, 2 young (4096K), 2 survivors (4096K)
 Metaspace       used 95244K, committed 96320K, reserved 1179648K
  class space    used 13108K, committed 13568K, reserved 1048576K
}
Event: 9689.367 GC heap before
{Heap before GC invocations=1295 (full 995):
 garbage-first heap   total 524288K, used 184206K [0x0000000701800000, 0x0000000800000000)
  region size 2048K, 40 young (81920K), 2 survivors (4096K)
 Metaspace       used 95252K, committed 96320K, reserved 1179648K
  class space    used 13108K, committed 13568K, reserved 1048576K
}
Event: 9689.374 GC heap after
{Heap after GC invocations=1296 (full 995):
 garbage-first heap   total 524288K, used 106768K [0x0000000701800000, 0x0000000800000000)
  region size 2048K, 2 young (4096K), 2 survivors (4096K)
 Metaspace       used 95252K, committed 96320K, reserved 1179648K
  class space    used 13108K, committed 13568K, reserved 1048576K
}

