# JRE version: OpenJDK Runtime Environment Temurin-17.0.7+7 (17.0.7+7) (build 17.0.7+7)
# Java VM: OpenJDK 64-Bit Server VM Temurin-17.0.7+7 (17.0.7+7, mixed mode, sharing, tiered, compressed oops, compressed class ptrs, g1 gc, windows-amd64)
GC Precious Log:
 CPUs: 8 total, 8 available
 Memory: 16025M
 Large Page Support: Disabled
 NUMA Support: Disabled
 Compressed Oops: Enabled (Zero based)
 Heap Region Size: 2M
 Heap Min Capacity: 512M
 Heap Initial Capacity: 512M
 Heap Max Capacity: 4072M
 Pre-touch: Disabled
 Parallel Workers: 8
 Concurrent Workers: 2
 Concurrent Refinement Workers: 8
 Periodic GC: Disabled
 String Deduplication is enabled
Heap:
 garbage-first heap   total 524288K, used 88801K [0x0000000701800000, 0x0000000800000000)
  region size 2048K, 10 young (20480K), 5 survivors (10240K)
 Metaspace       used 55165K, committed 55488K, reserved 1114112K
  class space    used 7429K, committed 7616K, reserved 1048576K
GC Heap History (20 events):
Event: 18.813 GC heap before
{Heap before GC invocations=2 (full 0):
 garbage-first heap   total 524288K, used 101771K [0x0000000701800000, 0x0000000800000000)
  region size 2048K, 40 young (81920K), 2 survivors (4096K)
 Metaspace       used 16222K, committed 16320K, reserved 1114112K
  class space    used 1500K, committed 1536K, reserved 1048576K
}
Event: 18.815 GC heap after
{Heap after GC invocations=3 (full 0):
 garbage-first heap   total 524288K, used 24047K [0x0000000701800000, 0x0000000800000000)
  region size 2048K, 2 young (4096K), 2 survivors (4096K)
 Metaspace       used 16222K, committed 16320K, reserved 1114112K
  class space    used 1500K, committed 1536K, reserved 1048576K
}
Event: 18.843 GC heap before
{Heap before GC invocations=3 (full 0):
 garbage-first heap   total 524288K, used 101871K [0x0000000701800000, 0x0000000800000000)
  region size 2048K, 40 young (81920K), 2 survivors (4096K)
 Metaspace       used 16569K, committed 16768K, reserved 1114112K
  class space    used 1589K, committed 1728K, reserved 1048576K
}
Event: 18.845 GC heap after
{Heap after GC invocations=4 (full 0):
 garbage-first heap   total 524288K, used 24102K [0x0000000701800000, 0x0000000800000000)
  region size 2048K, 2 young (4096K), 2 survivors (4096K)
 Metaspace       used 16569K, committed 16768K, reserved 1114112K
  class space    used 1589K, committed 1728K, reserved 1048576K
}
Event: 18.874 GC heap before
{Heap before GC invocations=4 (full 0):
 garbage-first heap   total 524288K, used 101926K [0x0000000701800000, 0x0000000800000000)
  region size 2048K, 40 young (81920K), 2 survivors (4096K)
 Metaspace       used 16830K, committed 17024K, reserved 1114112K
  class space    used 1631K, committed 1728K, reserved 1048576K
}
Event: 18.876 GC heap after
{Heap after GC invocations=5 (full 0):
 garbage-first heap   total 524288K, used 24156K [0x0000000701800000, 0x0000000800000000)
  region size 2048K, 2 young (4096K), 2 survivors (4096K)
 Metaspace       used 16830K, committed 17024K, reserved 1114112K
  class space    used 1631K, committed 1728K, reserved 1048576K
}
Event: 18.907 GC heap before
{Heap before GC invocations=5 (full 0):
 garbage-first heap   total 524288K, used 101980K [0x0000000701800000, 0x0000000800000000)
  region size 2048K, 40 young (81920K), 2 survivors (4096K)
 Metaspace       used 16992K, committed 17216K, reserved 1114112K
  class space    used 1665K, committed 1792K, reserved 1048576K
}
Event: 18.909 GC heap after
{Heap after GC invocations=6 (full 0):
 garbage-first heap   total 524288K, used 23651K [0x0000000701800000, 0x0000000800000000)
  region size 2048K, 2 young (4096K), 2 survivors (4096K)
 Metaspace       used 16992K, committed 17216K, reserved 1114112K
  class space    used 1665K, committed 1792K, reserved 1048576K
}
Event: 20.093 GC heap before
{Heap before GC invocations=6 (full 0):
 garbage-first heap   total 524288K, used 85091K [0x0000000701800000, 0x0000000800000000)
  region size 2048K, 34 young (69632K), 2 survivors (4096K)
 Metaspace       used 21267K, committed 21504K, reserved 1114112K
  class space    used 2171K, committed 2304K, reserved 1048576K
}
Event: 20.096 GC heap after
{Heap after GC invocations=7 (full 0):
 garbage-first heap   total 815104K, used 24744K [0x0000000701800000, 0x0000000800000000)
  region size 2048K, 3 young (6144K), 3 survivors (6144K)
 Metaspace       used 21267K, committed 21504K, reserved 1114112K
  class space    used 2171K, committed 2304K, reserved 1048576K
}
Event: 27.009 GC heap before
{Heap before GC invocations=8 (full 0):
 garbage-first heap   total 524288K, used 131240K [0x0000000701800000, 0x0000000800000000)
  region size 2048K, 33 young (67584K), 3 survivors (6144K)
 Metaspace       used 35887K, committed 36096K, reserved 1114112K
  class space    used 4308K, committed 4416K, reserved 1048576K
}
Event: 27.016 GC heap after
{Heap after GC invocations=9 (full 0):
 garbage-first heap   total 524288K, used 47797K [0x0000000701800000, 0x0000000800000000)
  region size 2048K, 5 young (10240K), 5 survivors (10240K)
 Metaspace       used 35887K, committed 36096K, reserved 1114112K
  class space    used 4308K, committed 4416K, reserved 1048576K
}
Event: 27.258 GC heap before
{Heap before GC invocations=9 (full 0):
 garbage-first heap   total 524288K, used 49845K [0x0000000701800000, 0x0000000800000000)
  region size 2048K, 7 young (14336K), 5 survivors (10240K)
 Metaspace       used 36191K, committed 36416K, reserved 1114112K
  class space    used 4358K, committed 4480K, reserved 1048576K
}
Event: 27.264 GC heap after
{Heap after GC invocations=10 (full 0):
 garbage-first heap   total 524288K, used 47714K [0x0000000701800000, 0x0000000800000000)
  region size 2048K, 1 young (2048K), 1 survivors (2048K)
 Metaspace       used 36191K, committed 36416K, reserved 1114112K
  class space    used 4358K, committed 4480K, reserved 1048576K
}
Event: 27.375 GC heap before
{Heap before GC invocations=10 (full 0):
 garbage-first heap   total 524288K, used 47714K [0x0000000701800000, 0x0000000800000000)
  region size 2048K, 3 young (6144K), 1 survivors (2048K)
 Metaspace       used 36499K, committed 36736K, reserved 1114112K
  class space    used 4379K, committed 4544K, reserved 1048576K
}
Event: 27.377 GC heap after
{Heap after GC invocations=11 (full 0):
 garbage-first heap   total 524288K, used 47102K [0x0000000701800000, 0x0000000800000000)
  region size 2048K, 1 young (2048K), 1 survivors (2048K)
 Metaspace       used 36499K, committed 36736K, reserved 1114112K
  class space    used 4379K, committed 4544K, reserved 1048576K
}
Event: 34.178 GC heap before
{Heap before GC invocations=12 (full 0):
 garbage-first heap   total 524288K, used 124926K [0x0000000701800000, 0x0000000800000000)
  region size 2048K, 40 young (81920K), 1 survivors (2048K)
 Metaspace       used 47570K, committed 47936K, reserved 1114112K
  class space    used 6161K, committed 6336K, reserved 1048576K
}
Event: 34.187 GC heap after
{Heap after GC invocations=13 (full 0):
 garbage-first heap   total 524288K, used 60118K [0x0000000701800000, 0x0000000800000000)
  region size 2048K, 5 young (10240K), 5 survivors (10240K)
 Metaspace       used 47570K, committed 47936K, reserved 1114112K
  class space    used 6161K, committed 6336K, reserved 1048576K
}
Event: 37.546 GC heap before
{Heap before GC invocations=13 (full 0):
 garbage-first heap   total 524288K, used 137942K [0x0000000701800000, 0x0000000800000000)
  region size 2048K, 40 young (81920K), 5 survivors (10240K)
 Metaspace       used 54197K, committed 54528K, reserved 1114112K
  class space    used 7301K, committed 7488K, reserved 1048576K
}
Event: 37.557 GC heap after
{Heap after GC invocations=14 (full 0):
 garbage-first heap   total 524288K, used 80609K [0x0000000701800000, 0x0000000800000000)
  region size 2048K, 5 young (10240K), 5 survivors (10240K)
 Metaspace       used 54197K, committed 54528K, reserved 1114112K
  class space    used 7301K, committed 7488K, reserved 1048576K
}

