# JRE version: OpenJDK Runtime Environment Temurin-17.0.7+7 (17.0.7+7) (build 17.0.7+7)
# Java VM: OpenJDK 64-Bit Server VM Temurin-17.0.7+7 (17.0.7+7, mixed mode, sharing, tiered, compressed oops, compressed class ptrs, g1 gc, windows-amd64)
GC Precious Log:
 CPUs: 8 total, 8 available
 Memory: 32637M
 Large Page Support: Disabled
 NUMA Support: Disabled
 Compressed Oops: Enabled (Zero based)
 Heap Region Size: 2M
 Heap Min Capacity: 512M
 Heap Initial Capacity: 512M
 Heap Max Capacity: 4072M
 Pre-touch: Disabled
 Parallel Workers: 8
 Concurrent Workers: 2
 Concurrent Refinement Workers: 8
 Periodic GC: Disabled
 String Deduplication is enabled
Heap:
 garbage-first heap   total 524288K, used 119994K [0x0000000701800000, 0x0000000800000000)
  region size 2048K, 5 young (10240K), 0 survivors (0K)
 Metaspace       used 96943K, committed 97792K, reserved 1179648K
  class space    used 13984K, committed 14400K, reserved 1048576K
GC Heap History (20 events):
Event: 2908.330 GC heap before
{Heap before GC invocations=154 (full 52):
 garbage-first heap   total 524288K, used 205442K [0x0000000701800000, 0x0000000800000000)
  region size 2048K, 40 young (81920K), 1 survivors (2048K)
 Metaspace       used 96785K, committed 97600K, reserved 1179648K
  class space    used 13979K, committed 14400K, reserved 1048576K
}
Event: 2908.332 GC heap after
{Heap after GC invocations=155 (full 52):
 garbage-first heap   total 524288K, used 125139K [0x0000000701800000, 0x0000000800000000)
  region size 2048K, 1 young (2048K), 1 survivors (2048K)
 Metaspace       used 96785K, committed 97600K, reserved 1179648K
  class space    used 13979K, committed 14400K, reserved 1048576K
}
Event: 2915.318 GC heap before
{Heap before GC invocations=155 (full 52):
 garbage-first heap   total 524288K, used 205011K [0x0000000701800000, 0x0000000800000000)
  region size 2048K, 40 young (81920K), 1 survivors (2048K)
 Metaspace       used 96806K, committed 97664K, reserved 1179648K
  class space    used 13979K, committed 14400K, reserved 1048576K
}
Event: 2915.321 GC heap after
{Heap after GC invocations=156 (full 52):
 garbage-first heap   total 524288K, used 125655K [0x0000000701800000, 0x0000000800000000)
  region size 2048K, 1 young (2048K), 1 survivors (2048K)
 Metaspace       used 96806K, committed 97664K, reserved 1179648K
  class space    used 13979K, committed 14400K, reserved 1048576K
}
Event: 2917.427 GC heap before
{Heap before GC invocations=156 (full 52):
 garbage-first heap   total 524288K, used 205527K [0x0000000701800000, 0x0000000800000000)
  region size 2048K, 40 young (81920K), 1 survivors (2048K)
 Metaspace       used 96824K, committed 97664K, reserved 1179648K
  class space    used 13979K, committed 14400K, reserved 1048576K
}
Event: 2917.430 GC heap after
{Heap after GC invocations=157 (full 52):
 garbage-first heap   total 524288K, used 125543K [0x0000000701800000, 0x0000000800000000)
  region size 2048K, 1 young (2048K), 1 survivors (2048K)
 Metaspace       used 96824K, committed 97664K, reserved 1179648K
  class space    used 13979K, committed 14400K, reserved 1048576K
}
Event: 2921.309 GC heap before
{Heap before GC invocations=157 (full 52):
 garbage-first heap   total 524288K, used 205415K [0x0000000701800000, 0x0000000800000000)
  region size 2048K, 40 young (81920K), 1 survivors (2048K)
 Metaspace       used 96844K, committed 97728K, reserved 1179648K
  class space    used 13979K, committed 14400K, reserved 1048576K
}
Event: 2921.311 GC heap after
{Heap after GC invocations=158 (full 52):
 garbage-first heap   total 524288K, used 125071K [0x0000000701800000, 0x0000000800000000)
  region size 2048K, 1 young (2048K), 1 survivors (2048K)
 Metaspace       used 96844K, committed 97728K, reserved 1179648K
  class space    used 13979K, committed 14400K, reserved 1048576K
}
Event: 2933.329 GC heap before
{Heap before GC invocations=158 (full 52):
 garbage-first heap   total 524288K, used 204943K [0x0000000701800000, 0x0000000800000000)
  region size 2048K, 40 young (81920K), 1 survivors (2048K)
 Metaspace       used 96849K, committed 97728K, reserved 1179648K
  class space    used 13979K, committed 14400K, reserved 1048576K
}
Event: 2933.336 GC heap after
{Heap after GC invocations=159 (full 52):
 garbage-first heap   total 524288K, used 125426K [0x0000000701800000, 0x0000000800000000)
  region size 2048K, 1 young (2048K), 1 survivors (2048K)
 Metaspace       used 96849K, committed 97728K, reserved 1179648K
  class space    used 13979K, committed 14400K, reserved 1048576K
}
Event: 2944.512 GC heap before
{Heap before GC invocations=159 (full 52):
 garbage-first heap   total 524288K, used 205298K [0x0000000701800000, 0x0000000800000000)
  region size 2048K, 40 young (81920K), 1 survivors (2048K)
 Metaspace       used 96858K, committed 97728K, reserved 1179648K
  class space    used 13979K, committed 14400K, reserved 1048576K
}
Event: 2944.514 GC heap after
{Heap after GC invocations=160 (full 52):
 garbage-first heap   total 524288K, used 125151K [0x0000000701800000, 0x0000000800000000)
  region size 2048K, 1 young (2048K), 1 survivors (2048K)
 Metaspace       used 96858K, committed 97728K, reserved 1179648K
  class space    used 13979K, committed 14400K, reserved 1048576K
}
Event: 2952.989 GC heap before
{Heap before GC invocations=160 (full 52):
 garbage-first heap   total 524288K, used 205023K [0x0000000701800000, 0x0000000800000000)
  region size 2048K, 40 young (81920K), 1 survivors (2048K)
 Metaspace       used 96864K, committed 97728K, reserved 1179648K
  class space    used 13979K, committed 14400K, reserved 1048576K
}
Event: 2952.991 GC heap after
{Heap after GC invocations=161 (full 52):
 garbage-first heap   total 524288K, used 125102K [0x0000000701800000, 0x0000000800000000)
  region size 2048K, 1 young (2048K), 1 survivors (2048K)
 Metaspace       used 96864K, committed 97728K, reserved 1179648K
  class space    used 13979K, committed 14400K, reserved 1048576K
}
Event: 2954.351 GC heap before
{Heap before GC invocations=161 (full 52):
 garbage-first heap   total 524288K, used 204974K [0x0000000701800000, 0x0000000800000000)
  region size 2048K, 40 young (81920K), 1 survivors (2048K)
 Metaspace       used 96876K, committed 97728K, reserved 1179648K
  class space    used 13979K, committed 14400K, reserved 1048576K
}
Event: 2954.353 GC heap after
{Heap after GC invocations=162 (full 52):
 garbage-first heap   total 524288K, used 125087K [0x0000000701800000, 0x0000000800000000)
  region size 2048K, 1 young (2048K), 1 survivors (2048K)
 Metaspace       used 96876K, committed 97728K, reserved 1179648K
  class space    used 13979K, committed 14400K, reserved 1048576K
}
Event: 2993.103 GC heap before
{Heap before GC invocations=162 (full 52):
 garbage-first heap   total 524288K, used 204959K [0x0000000701800000, 0x0000000800000000)
  region size 2048K, 40 young (81920K), 1 survivors (2048K)
 Metaspace       used 96885K, committed 97728K, reserved 1179648K
  class space    used 13979K, committed 14400K, reserved 1048576K
}
Event: 2993.105 GC heap after
{Heap after GC invocations=163 (full 52):
 garbage-first heap   total 524288K, used 125315K [0x0000000701800000, 0x0000000800000000)
  region size 2048K, 1 young (2048K), 1 survivors (2048K)
 Metaspace       used 96885K, committed 97728K, reserved 1179648K
  class space    used 13979K, committed 14400K, reserved 1048576K
}
Event: 2996.405 GC heap before
{Heap before GC invocations=163 (full 52):
 garbage-first heap   total 524288K, used 151939K [0x0000000701800000, 0x0000000800000000)
  region size 2048K, 15 young (30720K), 1 survivors (2048K)
 Metaspace       used 96889K, committed 97728K, reserved 1179648K
  class space    used 13979K, committed 14400K, reserved 1048576K
}
Event: 2996.481 GC heap after
{Heap after GC invocations=164 (full 53):
 garbage-first heap   total 524288K, used 111802K [0x0000000701800000, 0x0000000800000000)
  region size 2048K, 0 young (0K), 0 survivors (0K)
 Metaspace       used 96889K, committed 97728K, reserved 1179648K
  class space    used 13979K, committed 14400K, reserved 1048576K
}

