# JRE version: OpenJDK Runtime Environment Temurin-17.0.7+7 (17.0.7+7) (build 17.0.7+7)
# Java VM: OpenJDK 64-Bit Server VM Temurin-17.0.7+7 (17.0.7+7, mixed mode, sharing, tiered, compressed oops, compressed class ptrs, g1 gc, windows-amd64)
GC Precious Log:
 CPUs: 8 total, 8 available
 Memory: 32637M
 Large Page Support: Disabled
 NUMA Support: Disabled
 Compressed Oops: Enabled (Zero based)
 Heap Region Size: 2M
 Heap Min Capacity: 512M
 Heap Initial Capacity: 512M
 Heap Max Capacity: 4072M
 Pre-touch: Disabled
 Parallel Workers: 8
 Concurrent Workers: 2
 Concurrent Refinement Workers: 8
 Periodic GC: Disabled
 String Deduplication is enabled
Heap:
 garbage-first heap   total 524288K, used 148200K [0x0000000701800000, 0x0000000800000000)
  region size 2048K, 18 young (36864K), 2 survivors (4096K)
 Metaspace       used 104728K, committed 105280K, reserved 1179648K
  class space    used 15640K, committed 15936K, reserved 1048576K
GC Heap History (20 events):
Event: 6954.091 GC heap before
{Heap before GC invocations=158 (full 10):
 garbage-first heap   total 524288K, used 194304K [0x0000000701800000, 0x0000000800000000)
  region size 2048K, 40 young (81920K), 2 survivors (4096K)
 Metaspace       used 104653K, committed 105216K, reserved 1179648K
  class space    used 15640K, committed 15936K, reserved 1048576K
}
Event: 6954.094 GC heap after
{Heap after GC invocations=159 (full 10):
 garbage-first heap   total 524288K, used 116662K [0x0000000701800000, 0x0000000800000000)
  region size 2048K, 2 young (4096K), 2 survivors (4096K)
 Metaspace       used 104653K, committed 105216K, reserved 1179648K
  class space    used 15640K, committed 15936K, reserved 1048576K
}
Event: 6957.653 GC heap before
{Heap before GC invocations=159 (full 10):
 garbage-first heap   total 524288K, used 194486K [0x0000000701800000, 0x0000000800000000)
  region size 2048K, 40 young (81920K), 2 survivors (4096K)
 Metaspace       used 104653K, committed 105216K, reserved 1179648K
  class space    used 15640K, committed 15936K, reserved 1048576K
}
Event: 6957.656 GC heap after
{Heap after GC invocations=160 (full 10):
 garbage-first heap   total 524288K, used 116257K [0x0000000701800000, 0x0000000800000000)
  region size 2048K, 2 young (4096K), 2 survivors (4096K)
 Metaspace       used 104653K, committed 105216K, reserved 1179648K
  class space    used 15640K, committed 15936K, reserved 1048576K
}
Event: 6974.042 GC heap before
{Heap before GC invocations=160 (full 10):
 garbage-first heap   total 524288K, used 194081K [0x0000000701800000, 0x0000000800000000)
  region size 2048K, 40 young (81920K), 2 survivors (4096K)
 Metaspace       used 104656K, committed 105216K, reserved 1179648K
  class space    used 15640K, committed 15936K, reserved 1048576K
}
Event: 6974.045 GC heap after
{Heap after GC invocations=161 (full 10):
 garbage-first heap   total 524288K, used 116071K [0x0000000701800000, 0x0000000800000000)
  region size 2048K, 2 young (4096K), 2 survivors (4096K)
 Metaspace       used 104656K, committed 105216K, reserved 1179648K
  class space    used 15640K, committed 15936K, reserved 1048576K
}
Event: 7014.070 GC heap before
{Heap before GC invocations=161 (full 10):
 garbage-first heap   total 524288K, used 193895K [0x0000000701800000, 0x0000000800000000)
  region size 2048K, 40 young (81920K), 2 survivors (4096K)
 Metaspace       used 104662K, committed 105216K, reserved 1179648K
  class space    used 15640K, committed 15936K, reserved 1048576K
}
Event: 7014.074 GC heap after
{Heap after GC invocations=162 (full 10):
 garbage-first heap   total 524288K, used 116596K [0x0000000701800000, 0x0000000800000000)
  region size 2048K, 2 young (4096K), 2 survivors (4096K)
 Metaspace       used 104662K, committed 105216K, reserved 1179648K
  class space    used 15640K, committed 15936K, reserved 1048576K
}
Event: 7016.980 GC heap before
{Heap before GC invocations=162 (full 10):
 garbage-first heap   total 524288K, used 194420K [0x0000000701800000, 0x0000000800000000)
  region size 2048K, 40 young (81920K), 2 survivors (4096K)
 Metaspace       used 104667K, committed 105216K, reserved 1179648K
  class space    used 15640K, committed 15936K, reserved 1048576K
}
Event: 7016.983 GC heap after
{Heap after GC invocations=163 (full 10):
 garbage-first heap   total 524288K, used 116187K [0x0000000701800000, 0x0000000800000000)
  region size 2048K, 2 young (4096K), 2 survivors (4096K)
 Metaspace       used 104667K, committed 105216K, reserved 1179648K
  class space    used 15640K, committed 15936K, reserved 1048576K
}
Event: 7109.684 GC heap before
{Heap before GC invocations=163 (full 10):
 garbage-first heap   total 524288K, used 194011K [0x0000000701800000, 0x0000000800000000)
  region size 2048K, 40 young (81920K), 2 survivors (4096K)
 Metaspace       used 104667K, committed 105216K, reserved 1179648K
  class space    used 15640K, committed 15936K, reserved 1048576K
}
Event: 7109.691 GC heap after
{Heap after GC invocations=164 (full 10):
 garbage-first heap   total 524288K, used 116365K [0x0000000701800000, 0x0000000800000000)
  region size 2048K, 2 young (4096K), 2 survivors (4096K)
 Metaspace       used 104667K, committed 105216K, reserved 1179648K
  class space    used 15640K, committed 15936K, reserved 1048576K
}
Event: 7117.996 GC heap before
{Heap before GC invocations=164 (full 10):
 garbage-first heap   total 524288K, used 194189K [0x0000000701800000, 0x0000000800000000)
  region size 2048K, 40 young (81920K), 2 survivors (4096K)
 Metaspace       used 104680K, committed 105280K, reserved 1179648K
  class space    used 15640K, committed 15936K, reserved 1048576K
}
Event: 7117.999 GC heap after
{Heap after GC invocations=165 (full 10):
 garbage-first heap   total 524288K, used 116253K [0x0000000701800000, 0x0000000800000000)
  region size 2048K, 2 young (4096K), 2 survivors (4096K)
 Metaspace       used 104680K, committed 105280K, reserved 1179648K
  class space    used 15640K, committed 15936K, reserved 1048576K
}
Event: 7120.465 GC heap before
{Heap before GC invocations=165 (full 10):
 garbage-first heap   total 524288K, used 194077K [0x0000000701800000, 0x0000000800000000)
  region size 2048K, 40 young (81920K), 2 survivors (4096K)
 Metaspace       used 104697K, committed 105280K, reserved 1179648K
  class space    used 15640K, committed 15936K, reserved 1048576K
}
Event: 7120.468 GC heap after
{Heap after GC invocations=166 (full 10):
 garbage-first heap   total 524288K, used 116809K [0x0000000701800000, 0x0000000800000000)
  region size 2048K, 2 young (4096K), 2 survivors (4096K)
 Metaspace       used 104697K, committed 105280K, reserved 1179648K
  class space    used 15640K, committed 15936K, reserved 1048576K
}
Event: 7128.377 GC heap before
{Heap before GC invocations=166 (full 10):
 garbage-first heap   total 524288K, used 194633K [0x0000000701800000, 0x0000000800000000)
  region size 2048K, 40 young (81920K), 2 survivors (4096K)
 Metaspace       used 104711K, committed 105280K, reserved 1179648K
  class space    used 15640K, committed 15936K, reserved 1048576K
}
Event: 7128.380 GC heap after
{Heap after GC invocations=167 (full 10):
 garbage-first heap   total 524288K, used 117436K [0x0000000701800000, 0x0000000800000000)
  region size 2048K, 2 young (4096K), 2 survivors (4096K)
 Metaspace       used 104711K, committed 105280K, reserved 1179648K
  class space    used 15640K, committed 15936K, reserved 1048576K
}
Event: 7139.938 GC heap before
{Heap before GC invocations=167 (full 10):
 garbage-first heap   total 524288K, used 195260K [0x0000000701800000, 0x0000000800000000)
  region size 2048K, 40 young (81920K), 2 survivors (4096K)
 Metaspace       used 104727K, committed 105280K, reserved 1179648K
  class space    used 15640K, committed 15936K, reserved 1048576K
}
Event: 7139.941 GC heap after
{Heap after GC invocations=168 (full 10):
 garbage-first heap   total 524288K, used 117480K [0x0000000701800000, 0x0000000800000000)
  region size 2048K, 2 young (4096K), 2 survivors (4096K)
 Metaspace       used 104727K, committed 105280K, reserved 1179648K
  class space    used 15640K, committed 15936K, reserved 1048576K
}

