# JRE version: OpenJDK Runtime Environment Temurin-17.0.7+7 (17.0.7+7) (build 17.0.7+7)
# Java VM: OpenJDK 64-Bit Server VM Temurin-17.0.7+7 (17.0.7+7, mixed mode, sharing, tiered, compressed oops, compressed class ptrs, g1 gc, windows-amd64)
GC Precious Log:
 CPUs: 8 total, 8 available
 Memory: 32637M
 Large Page Support: Disabled
 NUMA Support: Disabled
 Compressed Oops: Enabled (Zero based)
 Heap Region Size: 2M
 Heap Min Capacity: 512M
 Heap Initial Capacity: 512M
 Heap Max Capacity: 4072M
 Pre-touch: Disabled
 Parallel Workers: 8
 Concurrent Workers: 2
 Concurrent Refinement Workers: 8
 Periodic GC: Disabled
 String Deduplication is enabled
Heap:
 garbage-first heap   total 524288K, used 146901K [0x0000000701800000, 0x0000000800000000)
  region size 2048K, 23 young (47104K), 3 survivors (6144K)
 Metaspace       used 93121K, committed 93888K, reserved 1179648K
  class space    used 12336K, committed 12736K, reserved 1048576K
GC Heap History (20 events):
Event: 3051.310 GC heap before
{Heap before GC invocations=731 (full 501):
 garbage-first heap   total 524288K, used 182065K [0x0000000701800000, 0x0000000800000000)
  region size 2048K, 40 young (81920K), 4 survivors (8192K)
 Metaspace       used 93090K, committed 93888K, reserved 1179648K
  class space    used 12336K, committed 12736K, reserved 1048576K
}
Event: 3051.314 GC heap after
{Heap after GC invocations=732 (full 501):
 garbage-first heap   total 524288K, used 107872K [0x0000000701800000, 0x0000000800000000)
  region size 2048K, 3 young (6144K), 3 survivors (6144K)
 Metaspace       used 93090K, committed 93888K, reserved 1179648K
  class space    used 12336K, committed 12736K, reserved 1048576K
}
Event: 3059.393 GC heap before
{Heap before GC invocations=732 (full 501):
 garbage-first heap   total 524288K, used 183648K [0x0000000701800000, 0x0000000800000000)
  region size 2048K, 40 young (81920K), 3 survivors (6144K)
 Metaspace       used 93090K, committed 93888K, reserved 1179648K
  class space    used 12336K, committed 12736K, reserved 1048576K
}
Event: 3059.397 GC heap after
{Heap after GC invocations=733 (full 501):
 garbage-first heap   total 524288K, used 107701K [0x0000000701800000, 0x0000000800000000)
  region size 2048K, 3 young (6144K), 3 survivors (6144K)
 Metaspace       used 93090K, committed 93888K, reserved 1179648K
  class space    used 12336K, committed 12736K, reserved 1048576K
}
Event: 3060.889 GC heap before
{Heap before GC invocations=733 (full 501):
 garbage-first heap   total 524288K, used 183477K [0x0000000701800000, 0x0000000800000000)
  region size 2048K, 40 young (81920K), 3 survivors (6144K)
 Metaspace       used 93090K, committed 93888K, reserved 1179648K
  class space    used 12336K, committed 12736K, reserved 1048576K
}
Event: 3060.892 GC heap after
{Heap after GC invocations=734 (full 501):
 garbage-first heap   total 524288K, used 107692K [0x0000000701800000, 0x0000000800000000)
  region size 2048K, 3 young (6144K), 3 survivors (6144K)
 Metaspace       used 93090K, committed 93888K, reserved 1179648K
  class space    used 12336K, committed 12736K, reserved 1048576K
}
Event: 3061.052 GC heap before
{Heap before GC invocations=734 (full 501):
 garbage-first heap   total 524288K, used 183468K [0x0000000701800000, 0x0000000800000000)
  region size 2048K, 40 young (81920K), 3 survivors (6144K)
 Metaspace       used 93090K, committed 93888K, reserved 1179648K
  class space    used 12336K, committed 12736K, reserved 1048576K
}
Event: 3061.055 GC heap after
{Heap after GC invocations=735 (full 501):
 garbage-first heap   total 524288K, used 107509K [0x0000000701800000, 0x0000000800000000)
  region size 2048K, 2 young (4096K), 2 survivors (4096K)
 Metaspace       used 93090K, committed 93888K, reserved 1179648K
  class space    used 12336K, committed 12736K, reserved 1048576K
}
Event: 3061.423 GC heap before
{Heap before GC invocations=735 (full 501):
 garbage-first heap   total 524288K, used 185333K [0x0000000701800000, 0x0000000800000000)
  region size 2048K, 40 young (81920K), 2 survivors (4096K)
 Metaspace       used 93106K, committed 93888K, reserved 1179648K
  class space    used 12336K, committed 12736K, reserved 1048576K
}
Event: 3061.426 GC heap after
{Heap after GC invocations=736 (full 501):
 garbage-first heap   total 524288K, used 108242K [0x0000000701800000, 0x0000000800000000)
  region size 2048K, 3 young (6144K), 3 survivors (6144K)
 Metaspace       used 93106K, committed 93888K, reserved 1179648K
  class space    used 12336K, committed 12736K, reserved 1048576K
}
Event: 3069.132 GC heap before
{Heap before GC invocations=736 (full 501):
 garbage-first heap   total 524288K, used 184018K [0x0000000701800000, 0x0000000800000000)
  region size 2048K, 40 young (81920K), 3 survivors (6144K)
 Metaspace       used 93107K, committed 93888K, reserved 1179648K
  class space    used 12336K, committed 12736K, reserved 1048576K
}
Event: 3069.137 GC heap after
{Heap after GC invocations=737 (full 501):
 garbage-first heap   total 524288K, used 107700K [0x0000000701800000, 0x0000000800000000)
  region size 2048K, 3 young (6144K), 3 survivors (6144K)
 Metaspace       used 93107K, committed 93888K, reserved 1179648K
  class space    used 12336K, committed 12736K, reserved 1048576K
}
Event: 3081.250 GC heap before
{Heap before GC invocations=737 (full 501):
 garbage-first heap   total 524288K, used 183476K [0x0000000701800000, 0x0000000800000000)
  region size 2048K, 40 young (81920K), 3 survivors (6144K)
 Metaspace       used 93107K, committed 93888K, reserved 1179648K
  class space    used 12336K, committed 12736K, reserved 1048576K
}
Event: 3081.254 GC heap after
{Heap after GC invocations=738 (full 501):
 garbage-first heap   total 524288K, used 107792K [0x0000000701800000, 0x0000000800000000)
  region size 2048K, 3 young (6144K), 3 survivors (6144K)
 Metaspace       used 93107K, committed 93888K, reserved 1179648K
  class space    used 12336K, committed 12736K, reserved 1048576K
}
Event: 3085.372 GC heap before
{Heap before GC invocations=738 (full 501):
 garbage-first heap   total 524288K, used 183568K [0x0000000701800000, 0x0000000800000000)
  region size 2048K, 40 young (81920K), 3 survivors (6144K)
 Metaspace       used 93115K, committed 93888K, reserved 1179648K
  class space    used 12336K, committed 12736K, reserved 1048576K
}
Event: 3085.376 GC heap after
{Heap after GC invocations=739 (full 501):
 garbage-first heap   total 524288K, used 107692K [0x0000000701800000, 0x0000000800000000)
  region size 2048K, 3 young (6144K), 3 survivors (6144K)
 Metaspace       used 93115K, committed 93888K, reserved 1179648K
  class space    used 12336K, committed 12736K, reserved 1048576K
}
Event: 3101.139 GC heap before
{Heap before GC invocations=739 (full 501):
 garbage-first heap   total 524288K, used 183468K [0x0000000701800000, 0x0000000800000000)
  region size 2048K, 40 young (81920K), 3 survivors (6144K)
 Metaspace       used 93117K, committed 93888K, reserved 1179648K
  class space    used 12336K, committed 12736K, reserved 1048576K
}
Event: 3101.145 GC heap after
{Heap after GC invocations=740 (full 501):
 garbage-first heap   total 524288K, used 107975K [0x0000000701800000, 0x0000000800000000)
  region size 2048K, 3 young (6144K), 3 survivors (6144K)
 Metaspace       used 93117K, committed 93888K, reserved 1179648K
  class space    used 12336K, committed 12736K, reserved 1048576K
}
Event: 3107.439 GC heap before
{Heap before GC invocations=740 (full 501):
 garbage-first heap   total 524288K, used 183751K [0x0000000701800000, 0x0000000800000000)
  region size 2048K, 40 young (81920K), 3 survivors (6144K)
 Metaspace       used 93121K, committed 93888K, reserved 1179648K
  class space    used 12336K, committed 12736K, reserved 1048576K
}
Event: 3107.442 GC heap after
{Heap after GC invocations=741 (full 501):
 garbage-first heap   total 524288K, used 107989K [0x0000000701800000, 0x0000000800000000)
  region size 2048K, 3 young (6144K), 3 survivors (6144K)
 Metaspace       used 93121K, committed 93888K, reserved 1179648K
  class space    used 12336K, committed 12736K, reserved 1048576K
}

