# JRE version: OpenJDK Runtime Environment Temurin-17.0.7+7 (17.0.7+7) (build 17.0.7+7)
# Java VM: OpenJDK 64-Bit Server VM Temurin-17.0.7+7 (17.0.7+7, mixed mode, sharing, tiered, compressed oops, compressed class ptrs, g1 gc, windows-amd64)
GC Precious Log:
 CPUs: 8 total, 8 available
 Memory: 16025M
 Large Page Support: Disabled
 NUMA Support: Disabled
 Compressed Oops: Enabled (Zero based)
 Heap Region Size: 2M
 Heap Min Capacity: 512M
 Heap Initial Capacity: 512M
 Heap Max Capacity: 4072M
 Pre-touch: Disabled
 Parallel Workers: 8
 Concurrent Workers: 2
 Concurrent Refinement Workers: 8
 Periodic GC: Disabled
 String Deduplication is enabled
Heap:
 garbage-first heap   total 524288K, used 118429K [0x0000000701800000, 0x0000000800000000)
  region size 2048K, 5 young (10240K), 2 survivors (4096K)
 Metaspace       used 103542K, committed 104064K, reserved 1179648K
  class space    used 14594K, committed 14848K, reserved 1048576K
GC Heap History (20 events):
Event: 7881.524 GC heap before
{Heap before GC invocations=370 (full 183):
 garbage-first heap   total 524288K, used 190960K [0x0000000701800000, 0x0000000800000000)
  region size 2048K, 40 young (81920K), 1 survivors (2048K)
 Metaspace       used 103477K, committed 104000K, reserved 1179648K
  class space    used 14592K, committed 14848K, reserved 1048576K
}
Event: 7881.525 GC heap after
{Heap after GC invocations=371 (full 183):
 garbage-first heap   total 524288K, used 111190K [0x0000000701800000, 0x0000000800000000)
  region size 2048K, 1 young (2048K), 1 survivors (2048K)
 Metaspace       used 103477K, committed 104000K, reserved 1179648K
  class space    used 14592K, committed 14848K, reserved 1048576K
}
Event: 7889.156 GC heap before
{Heap before GC invocations=371 (full 183):
 garbage-first heap   total 524288K, used 191062K [0x0000000701800000, 0x0000000800000000)
  region size 2048K, 40 young (81920K), 1 survivors (2048K)
 Metaspace       used 103502K, committed 104000K, reserved 1179648K
  class space    used 14593K, committed 14848K, reserved 1048576K
}
Event: 7889.161 GC heap after
{Heap after GC invocations=372 (full 183):
 garbage-first heap   total 524288K, used 113244K [0x0000000701800000, 0x0000000800000000)
  region size 2048K, 2 young (4096K), 2 survivors (4096K)
 Metaspace       used 103502K, committed 104000K, reserved 1179648K
  class space    used 14593K, committed 14848K, reserved 1048576K
}
Event: 7936.757 GC heap before
{Heap before GC invocations=372 (full 183):
 garbage-first heap   total 524288K, used 191068K [0x0000000701800000, 0x0000000800000000)
  region size 2048K, 40 young (81920K), 2 survivors (4096K)
 Metaspace       used 103506K, committed 104000K, reserved 1179648K
  class space    used 14593K, committed 14848K, reserved 1048576K
}
Event: 7936.762 GC heap after
{Heap after GC invocations=373 (full 183):
 garbage-first heap   total 524288K, used 113619K [0x0000000701800000, 0x0000000800000000)
  region size 2048K, 2 young (4096K), 2 survivors (4096K)
 Metaspace       used 103506K, committed 104000K, reserved 1179648K
  class space    used 14593K, committed 14848K, reserved 1048576K
}
Event: 8067.861 GC heap before
{Heap before GC invocations=373 (full 183):
 garbage-first heap   total 524288K, used 191443K [0x0000000701800000, 0x0000000800000000)
  region size 2048K, 40 young (81920K), 2 survivors (4096K)
 Metaspace       used 103506K, committed 104000K, reserved 1179648K
  class space    used 14593K, committed 14848K, reserved 1048576K
}
Event: 8067.864 GC heap after
{Heap after GC invocations=374 (full 183):
 garbage-first heap   total 524288K, used 113788K [0x0000000701800000, 0x0000000800000000)
  region size 2048K, 2 young (4096K), 2 survivors (4096K)
 Metaspace       used 103506K, committed 104000K, reserved 1179648K
  class space    used 14593K, committed 14848K, reserved 1048576K
}
Event: 8158.980 GC heap before
{Heap before GC invocations=374 (full 183):
 garbage-first heap   total 524288K, used 191612K [0x0000000701800000, 0x0000000800000000)
  region size 2048K, 40 young (81920K), 2 survivors (4096K)
 Metaspace       used 103509K, committed 104000K, reserved 1179648K
  class space    used 14593K, committed 14848K, reserved 1048576K
}
Event: 8158.985 GC heap after
{Heap after GC invocations=375 (full 183):
 garbage-first heap   total 524288K, used 113920K [0x0000000701800000, 0x0000000800000000)
  region size 2048K, 2 young (4096K), 2 survivors (4096K)
 Metaspace       used 103509K, committed 104000K, reserved 1179648K
  class space    used 14593K, committed 14848K, reserved 1048576K
}
Event: 8284.016 GC heap before
{Heap before GC invocations=375 (full 183):
 garbage-first heap   total 524288K, used 191744K [0x0000000701800000, 0x0000000800000000)
  region size 2048K, 40 young (81920K), 2 survivors (4096K)
 Metaspace       used 103509K, committed 104000K, reserved 1179648K
  class space    used 14594K, committed 14848K, reserved 1048576K
}
Event: 8284.019 GC heap after
{Heap after GC invocations=376 (full 183):
 garbage-first heap   total 524288K, used 113732K [0x0000000701800000, 0x0000000800000000)
  region size 2048K, 2 young (4096K), 2 survivors (4096K)
 Metaspace       used 103509K, committed 104000K, reserved 1179648K
  class space    used 14594K, committed 14848K, reserved 1048576K
}
Event: 8413.295 GC heap before
{Heap before GC invocations=376 (full 183):
 garbage-first heap   total 524288K, used 191556K [0x0000000701800000, 0x0000000800000000)
  region size 2048K, 40 young (81920K), 2 survivors (4096K)
 Metaspace       used 103510K, committed 104000K, reserved 1179648K
  class space    used 14594K, committed 14848K, reserved 1048576K
}
Event: 8413.299 GC heap after
{Heap after GC invocations=377 (full 183):
 garbage-first heap   total 524288K, used 113943K [0x0000000701800000, 0x0000000800000000)
  region size 2048K, 2 young (4096K), 2 survivors (4096K)
 Metaspace       used 103510K, committed 104000K, reserved 1179648K
  class space    used 14594K, committed 14848K, reserved 1048576K
}
Event: 8500.844 GC heap before
{Heap before GC invocations=377 (full 183):
 garbage-first heap   total 524288K, used 191767K [0x0000000701800000, 0x0000000800000000)
  region size 2048K, 40 young (81920K), 2 survivors (4096K)
 Metaspace       used 103521K, committed 104064K, reserved 1179648K
  class space    used 14594K, committed 14848K, reserved 1048576K
}
Event: 8500.848 GC heap after
{Heap after GC invocations=378 (full 183):
 garbage-first heap   total 524288K, used 113926K [0x0000000701800000, 0x0000000800000000)
  region size 2048K, 2 young (4096K), 2 survivors (4096K)
 Metaspace       used 103521K, committed 104064K, reserved 1179648K
  class space    used 14594K, committed 14848K, reserved 1048576K
}
Event: 8521.912 GC heap before
{Heap before GC invocations=378 (full 183):
 garbage-first heap   total 524288K, used 191750K [0x0000000701800000, 0x0000000800000000)
  region size 2048K, 40 young (81920K), 2 survivors (4096K)
 Metaspace       used 103533K, committed 104064K, reserved 1179648K
  class space    used 14594K, committed 14848K, reserved 1048576K
}
Event: 8521.917 GC heap after
{Heap after GC invocations=379 (full 183):
 garbage-first heap   total 524288K, used 114398K [0x0000000701800000, 0x0000000800000000)
  region size 2048K, 2 young (4096K), 2 survivors (4096K)
 Metaspace       used 103533K, committed 104064K, reserved 1179648K
  class space    used 14594K, committed 14848K, reserved 1048576K
}
Event: 8552.529 GC heap before
{Heap before GC invocations=379 (full 183):
 garbage-first heap   total 524288K, used 192222K [0x0000000701800000, 0x0000000800000000)
  region size 2048K, 40 young (81920K), 2 survivors (4096K)
 Metaspace       used 103542K, committed 104064K, reserved 1179648K
  class space    used 14594K, committed 14848K, reserved 1048576K
}
Event: 8552.532 GC heap after
{Heap after GC invocations=380 (full 183):
 garbage-first heap   total 524288K, used 114333K [0x0000000701800000, 0x0000000800000000)
  region size 2048K, 2 young (4096K), 2 survivors (4096K)
 Metaspace       used 103542K, committed 104064K, reserved 1179648K
  class space    used 14594K, committed 14848K, reserved 1048576K
}

