# JRE version: OpenJDK Runtime Environment Temurin-17.0.7+7 (17.0.7+7) (build 17.0.7+7)
# Java VM: OpenJDK 64-Bit Server VM Temurin-17.0.7+7 (17.0.7+7, mixed mode, sharing, tiered, compressed oops, compressed class ptrs, g1 gc, windows-amd64)
GC Precious Log:
 CPUs: 8 total, 8 available
 Memory: 32637M
 Large Page Support: Disabled
 NUMA Support: Disabled
 Compressed Oops: Enabled (Zero based)
 Heap Region Size: 2M
 Heap Min Capacity: 512M
 Heap Initial Capacity: 512M
 Heap Max Capacity: 4072M
 Pre-touch: Disabled
 Parallel Workers: 8
 Concurrent Workers: 2
 Concurrent Refinement Workers: 8
 Periodic GC: Disabled
 String Deduplication is enabled
Heap:
 garbage-first heap   total 524288K, used 147961K [0x0000000701800000, 0x0000000800000000)
  region size 2048K, 25 young (51200K), 2 survivors (4096K)
 Metaspace       used 105471K, committed 106112K, reserved 1179648K
  class space    used 15563K, committed 15936K, reserved 1048576K
GC Heap History (20 events):
Event: 12876.319 GC heap before
{Heap before GC invocations=188 (full 15):
 garbage-first heap   total 524288K, used 181254K [0x0000000701800000, 0x0000000800000000)
  region size 2048K, 40 young (81920K), 1 survivors (2048K)
 Metaspace       used 105313K, committed 105920K, reserved 1179648K
  class space    used 15563K, committed 15936K, reserved 1048576K
}
Event: 12876.322 GC heap after
{Heap after GC invocations=189 (full 15):
 garbage-first heap   total 524288K, used 101119K [0x0000000701800000, 0x0000000800000000)
  region size 2048K, 1 young (2048K), 1 survivors (2048K)
 Metaspace       used 105313K, committed 105920K, reserved 1179648K
  class space    used 15563K, committed 15936K, reserved 1048576K
}
Event: 12926.634 GC heap before
{Heap before GC invocations=189 (full 15):
 garbage-first heap   total 524288K, used 180991K [0x0000000701800000, 0x0000000800000000)
  region size 2048K, 40 young (81920K), 1 survivors (2048K)
 Metaspace       used 105316K, committed 105920K, reserved 1179648K
  class space    used 15563K, committed 15936K, reserved 1048576K
}
Event: 12926.637 GC heap after
{Heap after GC invocations=190 (full 15):
 garbage-first heap   total 524288K, used 101154K [0x0000000701800000, 0x0000000800000000)
  region size 2048K, 1 young (2048K), 1 survivors (2048K)
 Metaspace       used 105316K, committed 105920K, reserved 1179648K
  class space    used 15563K, committed 15936K, reserved 1048576K
}
Event: 12951.297 GC heap before
{Heap before GC invocations=190 (full 15):
 garbage-first heap   total 524288K, used 181026K [0x0000000701800000, 0x0000000800000000)
  region size 2048K, 40 young (81920K), 1 survivors (2048K)
 Metaspace       used 105328K, committed 105984K, reserved 1179648K
  class space    used 15563K, committed 15936K, reserved 1048576K
}
Event: 12951.299 GC heap after
{Heap after GC invocations=191 (full 15):
 garbage-first heap   total 524288K, used 101108K [0x0000000701800000, 0x0000000800000000)
  region size 2048K, 1 young (2048K), 1 survivors (2048K)
 Metaspace       used 105328K, committed 105984K, reserved 1179648K
  class space    used 15563K, committed 15936K, reserved 1048576K
}
Event: 12977.258 GC heap before
{Heap before GC invocations=191 (full 15):
 garbage-first heap   total 524288K, used 180980K [0x0000000701800000, 0x0000000800000000)
  region size 2048K, 40 young (81920K), 1 survivors (2048K)
 Metaspace       used 105340K, committed 105984K, reserved 1179648K
  class space    used 15563K, committed 15936K, reserved 1048576K
}
Event: 12977.261 GC heap after
{Heap after GC invocations=192 (full 15):
 garbage-first heap   total 524288K, used 101525K [0x0000000701800000, 0x0000000800000000)
  region size 2048K, 1 young (2048K), 1 survivors (2048K)
 Metaspace       used 105340K, committed 105984K, reserved 1179648K
  class space    used 15563K, committed 15936K, reserved 1048576K
}
Event: 12979.926 GC heap before
{Heap before GC invocations=192 (full 15):
 garbage-first heap   total 524288K, used 181397K [0x0000000701800000, 0x0000000800000000)
  region size 2048K, 40 young (81920K), 1 survivors (2048K)
 Metaspace       used 105344K, committed 105984K, reserved 1179648K
  class space    used 15563K, committed 15936K, reserved 1048576K
}
Event: 12979.928 GC heap after
{Heap after GC invocations=193 (full 15):
 garbage-first heap   total 524288K, used 101386K [0x0000000701800000, 0x0000000800000000)
  region size 2048K, 1 young (2048K), 1 survivors (2048K)
 Metaspace       used 105344K, committed 105984K, reserved 1179648K
  class space    used 15563K, committed 15936K, reserved 1048576K
}
Event: 12983.632 GC heap before
{Heap before GC invocations=193 (full 15):
 garbage-first heap   total 524288K, used 181258K [0x0000000701800000, 0x0000000800000000)
  region size 2048K, 40 young (81920K), 1 survivors (2048K)
 Metaspace       used 105355K, committed 105984K, reserved 1179648K
  class space    used 15563K, committed 15936K, reserved 1048576K
}
Event: 12983.635 GC heap after
{Heap after GC invocations=194 (full 15):
 garbage-first heap   total 524288K, used 101995K [0x0000000701800000, 0x0000000800000000)
  region size 2048K, 1 young (2048K), 1 survivors (2048K)
 Metaspace       used 105355K, committed 105984K, reserved 1179648K
  class space    used 15563K, committed 15936K, reserved 1048576K
}
Event: 12987.722 GC heap before
{Heap before GC invocations=194 (full 15):
 garbage-first heap   total 524288K, used 181867K [0x0000000701800000, 0x0000000800000000)
  region size 2048K, 40 young (81920K), 1 survivors (2048K)
 Metaspace       used 105359K, committed 105984K, reserved 1179648K
  class space    used 15563K, committed 15936K, reserved 1048576K
}
Event: 12987.725 GC heap after
{Heap after GC invocations=195 (full 15):
 garbage-first heap   total 524288K, used 102146K [0x0000000701800000, 0x0000000800000000)
  region size 2048K, 2 young (4096K), 2 survivors (4096K)
 Metaspace       used 105359K, committed 105984K, reserved 1179648K
  class space    used 15563K, committed 15936K, reserved 1048576K
}
Event: 12999.352 GC heap before
{Heap before GC invocations=195 (full 15):
 garbage-first heap   total 524288K, used 179970K [0x0000000701800000, 0x0000000800000000)
  region size 2048K, 40 young (81920K), 2 survivors (4096K)
 Metaspace       used 105444K, committed 106112K, reserved 1179648K
  class space    used 15563K, committed 15936K, reserved 1048576K
}
Event: 12999.357 GC heap after
{Heap after GC invocations=196 (full 15):
 garbage-first heap   total 524288K, used 102674K [0x0000000701800000, 0x0000000800000000)
  region size 2048K, 2 young (4096K), 2 survivors (4096K)
 Metaspace       used 105444K, committed 106112K, reserved 1179648K
  class space    used 15563K, committed 15936K, reserved 1048576K
}
Event: 13020.816 GC heap before
{Heap before GC invocations=196 (full 15):
 garbage-first heap   total 524288K, used 180498K [0x0000000701800000, 0x0000000800000000)
  region size 2048K, 40 young (81920K), 2 survivors (4096K)
 Metaspace       used 105450K, committed 106112K, reserved 1179648K
  class space    used 15563K, committed 15936K, reserved 1048576K
}
Event: 13020.819 GC heap after
{Heap after GC invocations=197 (full 15):
 garbage-first heap   total 524288K, used 103246K [0x0000000701800000, 0x0000000800000000)
  region size 2048K, 2 young (4096K), 2 survivors (4096K)
 Metaspace       used 105450K, committed 106112K, reserved 1179648K
  class space    used 15563K, committed 15936K, reserved 1048576K
}
Event: 13024.642 GC heap before
{Heap before GC invocations=197 (full 15):
 garbage-first heap   total 524288K, used 181070K [0x0000000701800000, 0x0000000800000000)
  region size 2048K, 40 young (81920K), 2 survivors (4096K)
 Metaspace       used 105457K, committed 106112K, reserved 1179648K
  class space    used 15563K, committed 15936K, reserved 1048576K
}
Event: 13024.644 GC heap after
{Heap after GC invocations=198 (full 15):
 garbage-first heap   total 524288K, used 102905K [0x0000000701800000, 0x0000000800000000)
  region size 2048K, 2 young (4096K), 2 survivors (4096K)
 Metaspace       used 105457K, committed 106112K, reserved 1179648K
  class space    used 15563K, committed 15936K, reserved 1048576K
}

