# JRE version: OpenJDK Runtime Environment Temurin-17.0.7+7 (17.0.7+7) (build 17.0.7+7)
# Java VM: OpenJDK 64-Bit Server VM Temurin-17.0.7+7 (17.0.7+7, mixed mode, sharing, tiered, compressed oops, compressed class ptrs, g1 gc, windows-amd64)
GC Precious Log:
 CPUs: 8 total, 8 available
 Memory: 32637M
 Large Page Support: Disabled
 NUMA Support: Disabled
 Compressed Oops: Enabled (Zero based)
 Heap Region Size: 2M
 Heap Min Capacity: 512M
 Heap Initial Capacity: 512M
 Heap Max Capacity: 4072M
 Pre-touch: Disabled
 Parallel Workers: 8
 Concurrent Workers: 2
 Concurrent Refinement Workers: 8
 Periodic GC: Disabled
 String Deduplication is enabled
Heap:
 garbage-first heap   total 524288K, used 175411K [0x0000000701800000, 0x0000000800000000)
  region size 2048K, 19 young (38912K), 2 survivors (4096K)
 Metaspace       used 110496K, committed 111168K, reserved 1179648K
  class space    used 15346K, committed 15744K, reserved 1048576K
GC Heap History (20 events):
Event: 8025.740 GC heap before
{Heap before GC invocations=980 (full 530):
 garbage-first heap   total 524288K, used 147742K [0x0000000701800000, 0x0000000800000000)
  region size 2048K, 4 young (8192K), 0 survivors (0K)
 Metaspace       used 110373K, committed 111040K, reserved 1179648K
  class space    used 15338K, committed 15744K, reserved 1048576K
}
Event: 8025.838 GC heap after
{Heap after GC invocations=981 (full 531):
 garbage-first heap   total 524288K, used 141590K [0x0000000701800000, 0x0000000800000000)
  region size 2048K, 0 young (0K), 0 survivors (0K)
 Metaspace       used 110373K, committed 111040K, reserved 1179648K
  class space    used 15338K, committed 15744K, reserved 1048576K
}
Event: 8026.752 GC heap before
{Heap before GC invocations=981 (full 531):
 garbage-first heap   total 524288K, used 151830K [0x0000000701800000, 0x0000000800000000)
  region size 2048K, 2 young (4096K), 0 survivors (0K)
 Metaspace       used 110373K, committed 111040K, reserved 1179648K
  class space    used 15338K, committed 15744K, reserved 1048576K
}
Event: 8026.849 GC heap after
{Heap after GC invocations=982 (full 532):
 garbage-first heap   total 524288K, used 141611K [0x0000000701800000, 0x0000000800000000)
  region size 2048K, 0 young (0K), 0 survivors (0K)
 Metaspace       used 110373K, committed 111040K, reserved 1179648K
  class space    used 15338K, committed 15744K, reserved 1048576K
}
Event: 8028.218 GC heap before
{Heap before GC invocations=982 (full 532):
 garbage-first heap   total 524288K, used 149803K [0x0000000701800000, 0x0000000800000000)
  region size 2048K, 3 young (6144K), 0 survivors (0K)
 Metaspace       used 110373K, committed 111040K, reserved 1179648K
  class space    used 15338K, committed 15744K, reserved 1048576K
}
Event: 8028.316 GC heap after
{Heap after GC invocations=983 (full 533):
 garbage-first heap   total 524288K, used 141634K [0x0000000701800000, 0x0000000800000000)
  region size 2048K, 0 young (0K), 0 survivors (0K)
 Metaspace       used 110373K, committed 111040K, reserved 1179648K
  class space    used 15338K, committed 15744K, reserved 1048576K
}
Event: 8032.962 GC heap before
{Heap before GC invocations=983 (full 533):
 garbage-first heap   total 524288K, used 164162K [0x0000000701800000, 0x0000000800000000)
  region size 2048K, 12 young (24576K), 0 survivors (0K)
 Metaspace       used 110376K, committed 111040K, reserved 1179648K
  class space    used 15338K, committed 15744K, reserved 1048576K
}
Event: 8033.057 GC heap after
{Heap after GC invocations=984 (full 534):
 garbage-first heap   total 524288K, used 141713K [0x0000000701800000, 0x0000000800000000)
  region size 2048K, 0 young (0K), 0 survivors (0K)
 Metaspace       used 110376K, committed 111040K, reserved 1179648K
  class space    used 15338K, committed 15744K, reserved 1048576K
}
Event: 8040.992 GC heap before
{Heap before GC invocations=984 (full 534):
 garbage-first heap   total 524288K, used 172433K [0x0000000701800000, 0x0000000800000000)
  region size 2048K, 14 young (28672K), 0 survivors (0K)
 Metaspace       used 110376K, committed 111104K, reserved 1179648K
  class space    used 15338K, committed 15744K, reserved 1048576K
}
Event: 8041.087 GC heap after
{Heap after GC invocations=985 (full 535):
 garbage-first heap   total 524288K, used 139896K [0x0000000701800000, 0x0000000800000000)
  region size 2048K, 0 young (0K), 0 survivors (0K)
 Metaspace       used 110376K, committed 111104K, reserved 1179648K
  class space    used 15338K, committed 15744K, reserved 1048576K
}
Event: 8045.253 GC heap before
{Heap before GC invocations=985 (full 535):
 garbage-first heap   total 524288K, used 221816K [0x0000000701800000, 0x0000000800000000)
  region size 2048K, 40 young (81920K), 0 survivors (0K)
 Metaspace       used 110376K, committed 111104K, reserved 1179648K
  class space    used 15338K, committed 15744K, reserved 1048576K
}
Event: 8045.256 GC heap after
{Heap after GC invocations=986 (full 535):
 garbage-first heap   total 524288K, used 140725K [0x0000000701800000, 0x0000000800000000)
  region size 2048K, 1 young (2048K), 1 survivors (2048K)
 Metaspace       used 110376K, committed 111104K, reserved 1179648K
  class space    used 15338K, committed 15744K, reserved 1048576K
}
Event: 8067.057 GC heap before
{Heap before GC invocations=986 (full 535):
 garbage-first heap   total 524288K, used 220597K [0x0000000701800000, 0x0000000800000000)
  region size 2048K, 40 young (81920K), 1 survivors (2048K)
 Metaspace       used 110376K, committed 111104K, reserved 1179648K
  class space    used 15338K, committed 15744K, reserved 1048576K
}
Event: 8067.059 GC heap after
{Heap after GC invocations=987 (full 535):
 garbage-first heap   total 524288K, used 140780K [0x0000000701800000, 0x0000000800000000)
  region size 2048K, 1 young (2048K), 1 survivors (2048K)
 Metaspace       used 110376K, committed 111104K, reserved 1179648K
  class space    used 15338K, committed 15744K, reserved 1048576K
}
Event: 8067.609 GC heap before
{Heap before GC invocations=987 (full 535):
 garbage-first heap   total 524288K, used 220652K [0x0000000701800000, 0x0000000800000000)
  region size 2048K, 40 young (81920K), 1 survivors (2048K)
 Metaspace       used 110376K, committed 111104K, reserved 1179648K
  class space    used 15338K, committed 15744K, reserved 1048576K
}
Event: 8067.611 GC heap after
{Heap after GC invocations=988 (full 535):
 garbage-first heap   total 524288K, used 140730K [0x0000000701800000, 0x0000000800000000)
  region size 2048K, 1 young (2048K), 1 survivors (2048K)
 Metaspace       used 110376K, committed 111104K, reserved 1179648K
  class space    used 15338K, committed 15744K, reserved 1048576K
}
Event: 8077.636 GC heap before
{Heap before GC invocations=988 (full 535):
 garbage-first heap   total 524288K, used 220602K [0x0000000701800000, 0x0000000800000000)
  region size 2048K, 40 young (81920K), 1 survivors (2048K)
 Metaspace       used 110413K, committed 111104K, reserved 1179648K
  class space    used 15346K, committed 15744K, reserved 1048576K
}
Event: 8077.639 GC heap after
{Heap after GC invocations=989 (full 535):
 garbage-first heap   total 524288K, used 141555K [0x0000000701800000, 0x0000000800000000)
  region size 2048K, 1 young (2048K), 1 survivors (2048K)
 Metaspace       used 110413K, committed 111104K, reserved 1179648K
  class space    used 15346K, committed 15744K, reserved 1048576K
}
Event: 8078.580 GC heap before
{Heap before GC invocations=989 (full 535):
 garbage-first heap   total 524288K, used 221427K [0x0000000701800000, 0x0000000800000000)
  region size 2048K, 40 young (81920K), 1 survivors (2048K)
 Metaspace       used 110486K, committed 111168K, reserved 1179648K
  class space    used 15346K, committed 15744K, reserved 1048576K
}
Event: 8078.582 GC heap after
{Heap after GC invocations=990 (full 535):
 garbage-first heap   total 524288K, used 142643K [0x0000000701800000, 0x0000000800000000)
  region size 2048K, 2 young (4096K), 2 survivors (4096K)
 Metaspace       used 110486K, committed 111168K, reserved 1179648K
  class space    used 15346K, committed 15744K, reserved 1048576K
}

