# JRE version: OpenJDK Runtime Environment Temurin-17.0.7+7 (17.0.7+7) (build 17.0.7+7)
# Java VM: OpenJDK 64-Bit Server VM Temurin-17.0.7+7 (17.0.7+7, mixed mode, sharing, tiered, compressed oops, compressed class ptrs, g1 gc, windows-amd64)
GC Precious Log:
 CPUs: 8 total, 8 available
 Memory: 32637M
 Large Page Support: Disabled
 NUMA Support: Disabled
 Compressed Oops: Enabled (Zero based)
 Heap Region Size: 2M
 Heap Min Capacity: 512M
 Heap Initial Capacity: 512M
 Heap Max Capacity: 4072M
 Pre-touch: Disabled
 Parallel Workers: 8
 Concurrent Workers: 2
 Concurrent Refinement Workers: 8
 Periodic GC: Disabled
 String Deduplication is enabled
Heap:
 garbage-first heap   total 524288K, used 116876K [0x0000000701800000, 0x0000000800000000)
  region size 2048K, 2 young (4096K), 1 survivors (2048K)
 Metaspace       used 108037K, committed 108736K, reserved 1179648K
  class space    used 16026K, committed 16384K, reserved 1048576K
GC Heap History (20 events):
Event: 6598.835 GC heap before
{Heap before GC invocations=424 (full 15):
 garbage-first heap   total 524288K, used 196401K [0x0000000701800000, 0x0000000800000000)
  region size 2048K, 40 young (81920K), 1 survivors (2048K)
 Metaspace       used 108009K, committed 108736K, reserved 1179648K
  class space    used 16026K, committed 16384K, reserved 1048576K
}
Event: 6598.836 GC heap after
{Heap after GC invocations=425 (full 15):
 garbage-first heap   total 524288K, used 116454K [0x0000000701800000, 0x0000000800000000)
  region size 2048K, 1 young (2048K), 1 survivors (2048K)
 Metaspace       used 108009K, committed 108736K, reserved 1179648K
  class space    used 16026K, committed 16384K, reserved 1048576K
}
Event: 6598.993 GC heap before
{Heap before GC invocations=425 (full 15):
 garbage-first heap   total 524288K, used 196326K [0x0000000701800000, 0x0000000800000000)
  region size 2048K, 40 young (81920K), 1 survivors (2048K)
 Metaspace       used 108009K, committed 108736K, reserved 1179648K
  class space    used 16026K, committed 16384K, reserved 1048576K
}
Event: 6598.994 GC heap after
{Heap after GC invocations=426 (full 15):
 garbage-first heap   total 524288K, used 116459K [0x0000000701800000, 0x0000000800000000)
  region size 2048K, 1 young (2048K), 1 survivors (2048K)
 Metaspace       used 108009K, committed 108736K, reserved 1179648K
  class space    used 16026K, committed 16384K, reserved 1048576K
}
Event: 6599.149 GC heap before
{Heap before GC invocations=426 (full 15):
 garbage-first heap   total 524288K, used 196331K [0x0000000701800000, 0x0000000800000000)
  region size 2048K, 40 young (81920K), 1 survivors (2048K)
 Metaspace       used 108009K, committed 108736K, reserved 1179648K
  class space    used 16026K, committed 16384K, reserved 1048576K
}
Event: 6599.150 GC heap after
{Heap after GC invocations=427 (full 15):
 garbage-first heap   total 524288K, used 116464K [0x0000000701800000, 0x0000000800000000)
  region size 2048K, 1 young (2048K), 1 survivors (2048K)
 Metaspace       used 108009K, committed 108736K, reserved 1179648K
  class space    used 16026K, committed 16384K, reserved 1048576K
}
Event: 6600.206 GC heap before
{Heap before GC invocations=427 (full 15):
 garbage-first heap   total 524288K, used 196336K [0x0000000701800000, 0x0000000800000000)
  region size 2048K, 40 young (81920K), 1 survivors (2048K)
 Metaspace       used 108020K, committed 108736K, reserved 1179648K
  class space    used 16026K, committed 16384K, reserved 1048576K
}
Event: 6600.208 GC heap after
{Heap after GC invocations=428 (full 15):
 garbage-first heap   total 524288K, used 116530K [0x0000000701800000, 0x0000000800000000)
  region size 2048K, 1 young (2048K), 1 survivors (2048K)
 Metaspace       used 108020K, committed 108736K, reserved 1179648K
  class space    used 16026K, committed 16384K, reserved 1048576K
}
Event: 6604.816 GC heap before
{Heap before GC invocations=428 (full 15):
 garbage-first heap   total 524288K, used 196402K [0x0000000701800000, 0x0000000800000000)
  region size 2048K, 40 young (81920K), 1 survivors (2048K)
 Metaspace       used 108029K, committed 108736K, reserved 1179648K
  class space    used 16026K, committed 16384K, reserved 1048576K
}
Event: 6604.819 GC heap after
{Heap after GC invocations=429 (full 15):
 garbage-first heap   total 524288K, used 116681K [0x0000000701800000, 0x0000000800000000)
  region size 2048K, 1 young (2048K), 1 survivors (2048K)
 Metaspace       used 108029K, committed 108736K, reserved 1179648K
  class space    used 16026K, committed 16384K, reserved 1048576K
}
Event: 6607.397 GC heap before
{Heap before GC invocations=429 (full 15):
 garbage-first heap   total 524288K, used 196553K [0x0000000701800000, 0x0000000800000000)
  region size 2048K, 40 young (81920K), 1 survivors (2048K)
 Metaspace       used 108034K, committed 108736K, reserved 1179648K
  class space    used 16026K, committed 16384K, reserved 1048576K
}
Event: 6607.399 GC heap after
{Heap after GC invocations=430 (full 15):
 garbage-first heap   total 524288K, used 116599K [0x0000000701800000, 0x0000000800000000)
  region size 2048K, 1 young (2048K), 1 survivors (2048K)
 Metaspace       used 108034K, committed 108736K, reserved 1179648K
  class space    used 16026K, committed 16384K, reserved 1048576K
}
Event: 6607.538 GC heap before
{Heap before GC invocations=430 (full 15):
 garbage-first heap   total 524288K, used 196471K [0x0000000701800000, 0x0000000800000000)
  region size 2048K, 40 young (81920K), 1 survivors (2048K)
 Metaspace       used 108034K, committed 108736K, reserved 1179648K
  class space    used 16026K, committed 16384K, reserved 1048576K
}
Event: 6607.540 GC heap after
{Heap after GC invocations=431 (full 15):
 garbage-first heap   total 524288K, used 116570K [0x0000000701800000, 0x0000000800000000)
  region size 2048K, 1 young (2048K), 1 survivors (2048K)
 Metaspace       used 108034K, committed 108736K, reserved 1179648K
  class space    used 16026K, committed 16384K, reserved 1048576K
}
Event: 6607.686 GC heap before
{Heap before GC invocations=431 (full 15):
 garbage-first heap   total 524288K, used 196442K [0x0000000701800000, 0x0000000800000000)
  region size 2048K, 40 young (81920K), 1 survivors (2048K)
 Metaspace       used 108034K, committed 108736K, reserved 1179648K
  class space    used 16026K, committed 16384K, reserved 1048576K
}
Event: 6607.688 GC heap after
{Heap after GC invocations=432 (full 15):
 garbage-first heap   total 524288K, used 116535K [0x0000000701800000, 0x0000000800000000)
  region size 2048K, 1 young (2048K), 1 survivors (2048K)
 Metaspace       used 108034K, committed 108736K, reserved 1179648K
  class space    used 16026K, committed 16384K, reserved 1048576K
}
Event: 6607.831 GC heap before
{Heap before GC invocations=432 (full 15):
 garbage-first heap   total 524288K, used 196407K [0x0000000701800000, 0x0000000800000000)
  region size 2048K, 40 young (81920K), 1 survivors (2048K)
 Metaspace       used 108034K, committed 108736K, reserved 1179648K
  class space    used 16026K, committed 16384K, reserved 1048576K
}
Event: 6607.833 GC heap after
{Heap after GC invocations=433 (full 15):
 garbage-first heap   total 524288K, used 116505K [0x0000000701800000, 0x0000000800000000)
  region size 2048K, 1 young (2048K), 1 survivors (2048K)
 Metaspace       used 108034K, committed 108736K, reserved 1179648K
  class space    used 16026K, committed 16384K, reserved 1048576K
}
Event: 6607.987 GC heap before
{Heap before GC invocations=433 (full 15):
 garbage-first heap   total 524288K, used 196377K [0x0000000701800000, 0x0000000800000000)
  region size 2048K, 40 young (81920K), 1 survivors (2048K)
 Metaspace       used 108036K, committed 108736K, reserved 1179648K
  class space    used 16026K, committed 16384K, reserved 1048576K
}
Event: 6607.989 GC heap after
{Heap after GC invocations=434 (full 15):
 garbage-first heap   total 524288K, used 117106K [0x0000000701800000, 0x0000000800000000)
  region size 2048K, 1 young (2048K), 1 survivors (2048K)
 Metaspace       used 108036K, committed 108736K, reserved 1179648K
  class space    used 16026K, committed 16384K, reserved 1048576K
}

